Started GET "/" for 127.0.0.1 at 2018-02-15 23:12:09 -0600
Processing by Rails::WelcomeController#index as HTML
  Rendering /Users/giovannicenteno/.rvm/gems/ruby-2.4.2/gems/railties-5.1.5/lib/rails/templates/rails/welcome/index.html.erb
  Rendered /Users/giovannicenteno/.rvm/gems/ruby-2.4.2/gems/railties-5.1.5/lib/rails/templates/rails/welcome/index.html.erb (4.1ms)
Completed 200 OK in 180ms (Views: 8.5ms)


Started GET "/" for 127.0.0.1 at 2018-02-15 23:17:55 -0600
Processing by WelcomeController#index as HTML
  Rendering welcome/index.html.erb within layouts/application
  Rendered welcome/index.html.erb within layouts/application (1.0ms)
Completed 200 OK in 827ms (Views: 660.6ms)


Started GET "/" for 127.0.0.1 at 2018-02-15 23:23:27 -0600
Processing by WelcomeController#index as HTML
  Rendering welcome/index.html.erb within layouts/application
  Rendered welcome/index.html.erb within layouts/application (0.8ms)
Completed 200 OK in 376ms (Views: 214.2ms)


Started GET "/articles/new" for 127.0.0.1 at 2018-02-15 23:23:33 -0600
Processing by ArticlesController#new as HTML
  Rendering articles/new.html.erb within layouts/application
  Rendered articles/new.html.erb within layouts/application (0.3ms)
Completed 200 OK in 18ms (Views: 16.9ms)


Started GET "/articles/new" for 127.0.0.1 at 2018-02-15 23:24:04 -0600
Processing by ArticlesController#new as HTML
  Rendering articles/new.html.erb within layouts/application
  Rendered articles/new.html.erb within layouts/application (15.7ms)
Completed 200 OK in 32ms (Views: 30.8ms)


Started GET "/" for 127.0.0.1 at 2018-02-16 10:13:46 -0600
Processing by WelcomeController#index as HTML
  Rendering welcome/index.html.erb within layouts/application
  Rendered welcome/index.html.erb within layouts/application (1.0ms)
Completed 200 OK in 380ms (Views: 170.8ms)


Started GET "/" for 127.0.0.1 at 2018-02-16 10:14:33 -0600
Processing by WelcomeController#index as HTML
  Rendering welcome/index.html.erb within layouts/application
  Rendered welcome/index.html.erb within layouts/application (0.6ms)
Completed 200 OK in 24ms (Views: 22.1ms)


Started GET "/" for 127.0.0.1 at 2018-02-16 10:15:07 -0600
Processing by WelcomeController#index as HTML
  Rendering welcome/index.html.erb within layouts/application
  Rendered welcome/index.html.erb within layouts/application (0.8ms)
Completed 500 Internal Server Error in 7ms


  
SyntaxError (/Users/giovannicenteno/community/app/views/welcome/index.html.erb:2: syntax error, unexpected '<'
eeze;@output_buffer.append=( <@time> );@output_buffer.safe_a
                              ^
/Users/giovannicenteno/community/app/views/welcome/index.html.erb:5: syntax error, unexpected keyword_ensure, expecting ')'
          ensure
                ^
/Users/giovannicenteno/community/app/views/welcome/index.html.erb:7: syntax error, unexpected keyword_end, expecting ')'
          end
             ^):
  
app/views/welcome/index.html.erb:2: syntax error, unexpected '<'
app/views/welcome/index.html.erb:5: syntax error, unexpected keyword_ensure, expecting ')'
app/views/welcome/index.html.erb:7: syntax error, unexpected keyword_end, expecting ')'
Started GET "/" for 127.0.0.1 at 2018-02-16 10:17:07 -0600
Processing by WelcomeController#index as HTML
  Rendering welcome/index.html.erb within layouts/application
  Rendered welcome/index.html.erb within layouts/application (0.8ms)
Completed 500 Internal Server Error in 6ms


  
SyntaxError (/Users/giovannicenteno/community/app/views/welcome/index.html.erb:2: syntax error, unexpected '<'
eeze;@output_buffer.append=( <@time.now> );@output_buffer.sa
                              ^
/Users/giovannicenteno/community/app/views/welcome/index.html.erb:2: syntax error, unexpected ')'
_buffer.append=( <@time.now> );@output_buffer.safe_append='.
                              ^
/Users/giovannicenteno/community/app/views/welcome/index.html.erb:5: syntax error, unexpected keyword_ensure, expecting ')'
          ensure
                ^
/Users/giovannicenteno/community/app/views/welcome/index.html.erb:7: syntax error, unexpected keyword_end, expecting ')'
          end
             ^):
  
app/views/welcome/index.html.erb:2: syntax error, unexpected '<'
app/views/welcome/index.html.erb:2: syntax error, unexpected ')'
app/views/welcome/index.html.erb:5: syntax error, unexpected keyword_ensure, expecting ')'
app/views/welcome/index.html.erb:7: syntax error, unexpected keyword_end, expecting ')'
Started GET "/" for 127.0.0.1 at 2018-02-16 10:17:26 -0600
Processing by WelcomeController#index as HTML
  Rendering welcome/index.html.erb within layouts/application
  Rendered welcome/index.html.erb within layouts/application (0.4ms)
Completed 200 OK in 25ms (Views: 23.6ms)


Started GET "/" for 127.0.0.1 at 2018-02-16 10:18:25 -0600
Processing by WelcomeController#index as HTML
  Rendering welcome/index.html.erb within layouts/application
  Rendered welcome/index.html.erb within layouts/application (0.3ms)
Completed 200 OK in 23ms (Views: 21.4ms)


Started GET "/" for 127.0.0.1 at 2018-02-16 23:04:42 -0600
Processing by WelcomeController#index as HTML
  Rendering welcome/index.html.erb within layouts/application
  Rendered welcome/index.html.erb within layouts/application (1.2ms)
Completed 200 OK in 364ms (Views: 166.3ms)


Started GET "/new" for 127.0.0.1 at 2018-02-16 23:04:48 -0600
  
ActionController::RoutingError (No route matches [GET] "/new"):
  
actionpack (5.1.5) lib/action_dispatch/middleware/debug_exceptions.rb:63:in `call'
web-console (3.5.1) lib/web_console/middleware.rb:135:in `call_app'
web-console (3.5.1) lib/web_console/middleware.rb:28:in `block in call'
web-console (3.5.1) lib/web_console/middleware.rb:18:in `catch'
web-console (3.5.1) lib/web_console/middleware.rb:18:in `call'
actionpack (5.1.5) lib/action_dispatch/middleware/show_exceptions.rb:31:in `call'
railties (5.1.5) lib/rails/rack/logger.rb:36:in `call_app'
railties (5.1.5) lib/rails/rack/logger.rb:24:in `block in call'
activesupport (5.1.5) lib/active_support/tagged_logging.rb:69:in `block in tagged'
activesupport (5.1.5) lib/active_support/tagged_logging.rb:26:in `tagged'
activesupport (5.1.5) lib/active_support/tagged_logging.rb:69:in `tagged'
railties (5.1.5) lib/rails/rack/logger.rb:24:in `call'
sprockets-rails (3.2.1) lib/sprockets/rails/quiet_assets.rb:13:in `call'
actionpack (5.1.5) lib/action_dispatch/middleware/remote_ip.rb:79:in `call'
actionpack (5.1.5) lib/action_dispatch/middleware/request_id.rb:25:in `call'
rack (2.0.4) lib/rack/method_override.rb:22:in `call'
rack (2.0.4) lib/rack/runtime.rb:22:in `call'
activesupport (5.1.5) lib/active_support/cache/strategy/local_cache_middleware.rb:27:in `call'
actionpack (5.1.5) lib/action_dispatch/middleware/executor.rb:12:in `call'
actionpack (5.1.5) lib/action_dispatch/middleware/static.rb:125:in `call'
rack (2.0.4) lib/rack/sendfile.rb:111:in `call'
railties (5.1.5) lib/rails/engine.rb:522:in `call'
puma (3.11.2) lib/puma/configuration.rb:225:in `call'
puma (3.11.2) lib/puma/server.rb:624:in `handle_request'
puma (3.11.2) lib/puma/server.rb:438:in `process_client'
puma (3.11.2) lib/puma/server.rb:302:in `block in run'
puma (3.11.2) lib/puma/thread_pool.rb:120:in `block in spawn_thread'
Started GET "/articles/new" for 127.0.0.1 at 2018-02-16 23:05:45 -0600
Processing by ArticlesController#new as HTML
  Rendering articles/new.html.erb within layouts/application
  Rendered articles/new.html.erb within layouts/application (12.3ms)
Completed 200 OK in 36ms (Views: 33.9ms)


Started GET "/articles/new" for 127.0.0.1 at 2018-02-16 23:05:52 -0600
Processing by ArticlesController#new as HTML
  Rendering articles/new.html.erb within layouts/application
  Rendered articles/new.html.erb within layouts/application (1.7ms)
Completed 200 OK in 22ms (Views: 20.2ms)


Started POST "/articles" for 127.0.0.1 at 2018-02-16 23:05:54 -0600
  
AbstractController::ActionNotFound (The action 'create' could not be found for ArticlesController):
  
actionpack (5.1.5) lib/abstract_controller/base.rb:119:in `process'
actionview (5.1.5) lib/action_view/rendering.rb:30:in `process'
actionpack (5.1.5) lib/action_controller/metal.rb:189:in `dispatch'
actionpack (5.1.5) lib/action_controller/metal.rb:253:in `dispatch'
actionpack (5.1.5) lib/action_dispatch/routing/route_set.rb:49:in `dispatch'
actionpack (5.1.5) lib/action_dispatch/routing/route_set.rb:31:in `serve'
actionpack (5.1.5) lib/action_dispatch/journey/router.rb:50:in `block in serve'
actionpack (5.1.5) lib/action_dispatch/journey/router.rb:33:in `each'
actionpack (5.1.5) lib/action_dispatch/journey/router.rb:33:in `serve'
actionpack (5.1.5) lib/action_dispatch/routing/route_set.rb:844:in `call'
rack (2.0.4) lib/rack/etag.rb:25:in `call'
rack (2.0.4) lib/rack/conditional_get.rb:38:in `call'
rack (2.0.4) lib/rack/head.rb:12:in `call'
rack (2.0.4) lib/rack/session/abstract/id.rb:232:in `context'
rack (2.0.4) lib/rack/session/abstract/id.rb:226:in `call'
actionpack (5.1.5) lib/action_dispatch/middleware/cookies.rb:613:in `call'
activerecord (5.1.5) lib/active_record/migration.rb:556:in `call'
actionpack (5.1.5) lib/action_dispatch/middleware/callbacks.rb:26:in `block in call'
activesupport (5.1.5) lib/active_support/callbacks.rb:97:in `run_callbacks'
actionpack (5.1.5) lib/action_dispatch/middleware/callbacks.rb:24:in `call'
actionpack (5.1.5) lib/action_dispatch/middleware/executor.rb:12:in `call'
actionpack (5.1.5) lib/action_dispatch/middleware/debug_exceptions.rb:59:in `call'
web-console (3.5.1) lib/web_console/middleware.rb:135:in `call_app'
web-console (3.5.1) lib/web_console/middleware.rb:28:in `block in call'
web-console (3.5.1) lib/web_console/middleware.rb:18:in `catch'
web-console (3.5.1) lib/web_console/middleware.rb:18:in `call'
actionpack (5.1.5) lib/action_dispatch/middleware/show_exceptions.rb:31:in `call'
railties (5.1.5) lib/rails/rack/logger.rb:36:in `call_app'
railties (5.1.5) lib/rails/rack/logger.rb:24:in `block in call'
activesupport (5.1.5) lib/active_support/tagged_logging.rb:69:in `block in tagged'
activesupport (5.1.5) lib/active_support/tagged_logging.rb:26:in `tagged'
activesupport (5.1.5) lib/active_support/tagged_logging.rb:69:in `tagged'
railties (5.1.5) lib/rails/rack/logger.rb:24:in `call'
sprockets-rails (3.2.1) lib/sprockets/rails/quiet_assets.rb:13:in `call'
actionpack (5.1.5) lib/action_dispatch/middleware/remote_ip.rb:79:in `call'
actionpack (5.1.5) lib/action_dispatch/middleware/request_id.rb:25:in `call'
rack (2.0.4) lib/rack/method_override.rb:22:in `call'
rack (2.0.4) lib/rack/runtime.rb:22:in `call'
activesupport (5.1.5) lib/active_support/cache/strategy/local_cache_middleware.rb:27:in `call'
actionpack (5.1.5) lib/action_dispatch/middleware/executor.rb:12:in `call'
actionpack (5.1.5) lib/action_dispatch/middleware/static.rb:125:in `call'
rack (2.0.4) lib/rack/sendfile.rb:111:in `call'
railties (5.1.5) lib/rails/engine.rb:522:in `call'
puma (3.11.2) lib/puma/configuration.rb:225:in `call'
puma (3.11.2) lib/puma/server.rb:624:in `handle_request'
puma (3.11.2) lib/puma/server.rb:438:in `process_client'
puma (3.11.2) lib/puma/server.rb:302:in `block in run'
puma (3.11.2) lib/puma/thread_pool.rb:120:in `block in spawn_thread'
Started POST "/articles" for 127.0.0.1 at 2018-02-16 23:07:18 -0600
Processing by ArticlesController#create as HTML
  Parameters: {"utf8"=>"✓", "authenticity_token"=>"sbGkNSx6Vxb3PstVkuqAySJCT8mGarUNtAc4nrfdpnR7THxUI6Z7AoLvg65Fv0qte/Vr0ZiQEBbEFvmBq+RwJg==", "article"=>{"title"=>"", "text"=>""}, "commit"=>"Save Article"}
No template found for ArticlesController#create, rendering head :no_content
Completed 204 No Content in 40ms


Started POST "/articles" for 127.0.0.1 at 2018-02-16 23:07:23 -0600
Processing by ArticlesController#create as HTML
  Parameters: {"utf8"=>"✓", "authenticity_token"=>"sbGkNSx6Vxb3PstVkuqAySJCT8mGarUNtAc4nrfdpnR7THxUI6Z7AoLvg65Fv0qte/Vr0ZiQEBbEFvmBq+RwJg==", "article"=>{"title"=>"", "text"=>""}, "commit"=>"Save Article"}
No template found for ArticlesController#create, rendering head :no_content
Completed 204 No Content in 43ms


Started GET "/articles/new" for 127.0.0.1 at 2018-02-16 23:07:32 -0600
Processing by ArticlesController#new as HTML
  Rendering articles/new.html.erb within layouts/application
  Rendered articles/new.html.erb within layouts/application (1.7ms)
Completed 200 OK in 43ms (Views: 41.2ms)


Started POST "/articles" for 127.0.0.1 at 2018-02-16 23:07:35 -0600
Processing by ArticlesController#create as HTML
  Parameters: {"utf8"=>"✓", "authenticity_token"=>"IZ+jI4l87EgQHOOEYTLHILKqOvG+I2zHPmE06RcrMa7rYntChqDAXGXNq3+2Zw1E6x0e6aDZydxOcPX2CxLn/A==", "article"=>{"title"=>"", "text"=>""}, "commit"=>"Save Article"}
No template found for ArticlesController#create, rendering head :no_content
Completed 204 No Content in 41ms


Started GET "/articles/new" for 127.0.0.1 at 2018-02-16 23:08:23 -0600
Processing by ArticlesController#new as HTML
  Rendering articles/new.html.erb within layouts/application
  Rendered articles/new.html.erb within layouts/application (1.7ms)
Completed 200 OK in 17ms (Views: 15.9ms)


Started POST "/articles" for 127.0.0.1 at 2018-02-16 23:08:24 -0600
Processing by ArticlesController#create as HTML
  Parameters: {"utf8"=>"✓", "authenticity_token"=>"tkkUBh+L/aTUZs011TclZpfD4hRtOtmwml85fjH1l5Z8tMxnEFfRsKG3hc4CYu8CznTGDHPAfKvqTvhhLcxBxA==", "article"=>{"title"=>"", "text"=>""}, "commit"=>"Save Article"}
  Rendering text template
  Rendered text template (0.1ms)
Completed 200 OK in 2ms (Views: 1.8ms)


  [1m[35m (0.1ms)[0m  [1m[34mSELECT sqlite_version(*)[0m
  [1m[35m (1.1ms)[0m  [1m[35mCREATE TABLE "schema_migrations" ("version" varchar NOT NULL PRIMARY KEY)[0m
  [1m[35m (1.0ms)[0m  [1m[35mCREATE TABLE "ar_internal_metadata" ("key" varchar NOT NULL PRIMARY KEY, "value" varchar, "created_at" datetime NOT NULL, "updated_at" datetime NOT NULL)[0m
  [1m[35m (0.4ms)[0m  [1m[34mSELECT "schema_migrations"."version" FROM "schema_migrations" ORDER BY "schema_migrations"."version" ASC[0m
Migrating to CreateArticles (20180217051426)
  [1m[35m (0.1ms)[0m  [1m[36mbegin transaction[0m
  [1m[35m (0.5ms)[0m  [1m[35mCREATE TABLE "articles" ("id" INTEGER PRIMARY KEY AUTOINCREMENT NOT NULL, "title" varchar, "text" text, "created_at" datetime NOT NULL, "updated_at" datetime NOT NULL)[0m
  [1m[35mSQL (0.2ms)[0m  [1m[32mINSERT INTO "schema_migrations" ("version") VALUES (?)[0m  [["version", "20180217051426"]]
  [1m[35m (0.6ms)[0m  [1m[36mcommit transaction[0m
  [1m[36mActiveRecord::InternalMetadata Load (0.3ms)[0m  [1m[34mSELECT  "ar_internal_metadata".* FROM "ar_internal_metadata" WHERE "ar_internal_metadata"."key" = ? LIMIT ?[0m  [["key", "environment"], ["LIMIT", 1]]
  [1m[35m (0.1ms)[0m  [1m[36mbegin transaction[0m
  [1m[35mSQL (0.5ms)[0m  [1m[32mINSERT INTO "ar_internal_metadata" ("key", "value", "created_at", "updated_at") VALUES (?, ?, ?, ?)[0m  [["key", "environment"], ["value", "development"], ["created_at", "2018-02-17 05:18:28.153654"], ["updated_at", "2018-02-17 05:18:28.153654"]]
  [1m[35m (0.8ms)[0m  [1m[36mcommit transaction[0m
  [1m[35m (0.2ms)[0m  [1m[34mSELECT "schema_migrations"."version" FROM "schema_migrations" ORDER BY "schema_migrations"."version" ASC[0m
Started POST "/articles" for 127.0.0.1 at 2018-02-16 23:29:30 -0600
  [1m[35m (0.4ms)[0m  [1m[34mSELECT "schema_migrations"."version" FROM "schema_migrations" ORDER BY "schema_migrations"."version" ASC[0m
Processing by ArticlesController#create as HTML
  Parameters: {"utf8"=>"✓", "authenticity_token"=>"tkkUBh+L/aTUZs011TclZpfD4hRtOtmwml85fjH1l5Z8tMxnEFfRsKG3hc4CYu8CznTGDHPAfKvqTvhhLcxBxA==", "article"=>{"title"=>"", "text"=>""}, "commit"=>"Save Article"}
Completed 500 Internal Server Error in 16ms (ActiveRecord: 0.6ms)


  
ActiveModel::ForbiddenAttributesError (ActiveModel::ForbiddenAttributesError):
  
app/controllers/articles_controller.rb:11:in `create'
Started POST "/articles" for 127.0.0.1 at 2018-02-16 23:29:45 -0600
Processing by ArticlesController#create as HTML
  Parameters: {"utf8"=>"✓", "authenticity_token"=>"tkkUBh+L/aTUZs011TclZpfD4hRtOtmwml85fjH1l5Z8tMxnEFfRsKG3hc4CYu8CznTGDHPAfKvqTvhhLcxBxA==", "article"=>{"title"=>"gi", "text"=>"jiji"}, "commit"=>"Save Article"}
Completed 500 Internal Server Error in 1ms (ActiveRecord: 0.0ms)


  
ActiveModel::ForbiddenAttributesError (ActiveModel::ForbiddenAttributesError):
  
app/controllers/articles_controller.rb:11:in `create'
Started POST "/articles" for 127.0.0.1 at 2018-02-16 23:33:30 -0600
Processing by ArticlesController#create as HTML
  Parameters: {"utf8"=>"✓", "authenticity_token"=>"tkkUBh+L/aTUZs011TclZpfD4hRtOtmwml85fjH1l5Z8tMxnEFfRsKG3hc4CYu8CznTGDHPAfKvqTvhhLcxBxA==", "article"=>{"title"=>"gi", "text"=>"jiji"}, "commit"=>"Save Article"}
  [1m[35m (0.1ms)[0m  [1m[36mbegin transaction[0m
  [1m[35mSQL (0.9ms)[0m  [1m[32mINSERT INTO "articles" ("title", "text", "created_at", "updated_at") VALUES (?, ?, ?, ?)[0m  [["title", "gi"], ["text", "jiji"], ["created_at", "2018-02-17 05:33:40.666005"], ["updated_at", "2018-02-17 05:33:40.666005"]]
  [1m[35m (0.6ms)[0m  [1m[36mcommit transaction[0m
Redirected to http://0.0.0.0:3000/articles/1
Completed 302 Found in 13ms (ActiveRecord: 2.5ms)


Started GET "/articles/1" for 127.0.0.1 at 2018-02-16 23:33:40 -0600
Processing by ArticlesController#show as HTML
  Parameters: {"id"=>"1"}
  [1m[36mArticle Load (0.2ms)[0m  [1m[34mSELECT  "articles".* FROM "articles" WHERE "articles"."id" = ? LIMIT ?[0m  [["id", 1], ["LIMIT", 1]]
  Rendering articles/show.html.erb within layouts/application
  Rendered articles/show.html.erb within layouts/application (0.5ms)
Completed 200 OK in 224ms (Views: 218.5ms | ActiveRecord: 0.2ms)


Started GET "/articles" for 127.0.0.1 at 2018-02-16 23:37:49 -0600
Processing by ArticlesController#index as HTML
  Rendering articles/index.html.erb within layouts/application
  [1m[36mArticle Load (0.1ms)[0m  [1m[34mSELECT "articles".* FROM "articles"[0m
  Rendered articles/index.html.erb within layouts/application (7.6ms)
Completed 200 OK in 32ms (Views: 28.3ms | ActiveRecord: 1.2ms)


Started GET "/articles" for 127.0.0.1 at 2018-02-16 23:38:15 -0600
Processing by ArticlesController#index as HTML
  Rendering articles/index.html.erb within layouts/application
  [1m[36mArticle Load (0.2ms)[0m  [1m[34mSELECT "articles".* FROM "articles"[0m
  Rendered articles/index.html.erb within layouts/application (1.8ms)
Completed 200 OK in 20ms (Views: 17.9ms | ActiveRecord: 0.2ms)


Started GET "/articles/1" for 127.0.0.1 at 2018-02-16 23:38:24 -0600
Processing by ArticlesController#show as HTML
  Parameters: {"id"=>"1"}
  [1m[36mArticle Load (0.2ms)[0m  [1m[34mSELECT  "articles".* FROM "articles" WHERE "articles"."id" = ? LIMIT ?[0m  [["id", 1], ["LIMIT", 1]]
  Rendering articles/show.html.erb within layouts/application
  Rendered articles/show.html.erb within layouts/application (0.6ms)
Completed 200 OK in 32ms (Views: 29.3ms | ActiveRecord: 0.2ms)


Started GET "/index" for 127.0.0.1 at 2018-02-16 23:42:12 -0600
  
ActionController::RoutingError (No route matches [GET] "/index"):
  
actionpack (5.1.5) lib/action_dispatch/middleware/debug_exceptions.rb:63:in `call'
web-console (3.5.1) lib/web_console/middleware.rb:135:in `call_app'
web-console (3.5.1) lib/web_console/middleware.rb:28:in `block in call'
web-console (3.5.1) lib/web_console/middleware.rb:18:in `catch'
web-console (3.5.1) lib/web_console/middleware.rb:18:in `call'
actionpack (5.1.5) lib/action_dispatch/middleware/show_exceptions.rb:31:in `call'
railties (5.1.5) lib/rails/rack/logger.rb:36:in `call_app'
railties (5.1.5) lib/rails/rack/logger.rb:24:in `block in call'
activesupport (5.1.5) lib/active_support/tagged_logging.rb:69:in `block in tagged'
activesupport (5.1.5) lib/active_support/tagged_logging.rb:26:in `tagged'
activesupport (5.1.5) lib/active_support/tagged_logging.rb:69:in `tagged'
railties (5.1.5) lib/rails/rack/logger.rb:24:in `call'
sprockets-rails (3.2.1) lib/sprockets/rails/quiet_assets.rb:13:in `call'
actionpack (5.1.5) lib/action_dispatch/middleware/remote_ip.rb:79:in `call'
actionpack (5.1.5) lib/action_dispatch/middleware/request_id.rb:25:in `call'
rack (2.0.4) lib/rack/method_override.rb:22:in `call'
rack (2.0.4) lib/rack/runtime.rb:22:in `call'
activesupport (5.1.5) lib/active_support/cache/strategy/local_cache_middleware.rb:27:in `call'
actionpack (5.1.5) lib/action_dispatch/middleware/executor.rb:12:in `call'
actionpack (5.1.5) lib/action_dispatch/middleware/static.rb:125:in `call'
rack (2.0.4) lib/rack/sendfile.rb:111:in `call'
railties (5.1.5) lib/rails/engine.rb:522:in `call'
puma (3.11.2) lib/puma/configuration.rb:225:in `call'
puma (3.11.2) lib/puma/server.rb:624:in `handle_request'
puma (3.11.2) lib/puma/server.rb:438:in `process_client'
puma (3.11.2) lib/puma/server.rb:302:in `block in run'
puma (3.11.2) lib/puma/thread_pool.rb:120:in `block in spawn_thread'
Started GET "/index" for 127.0.0.1 at 2018-02-16 23:43:16 -0600
  
ActionController::RoutingError (No route matches [GET] "/index"):
  
actionpack (5.1.5) lib/action_dispatch/middleware/debug_exceptions.rb:63:in `call'
web-console (3.5.1) lib/web_console/middleware.rb:135:in `call_app'
web-console (3.5.1) lib/web_console/middleware.rb:28:in `block in call'
web-console (3.5.1) lib/web_console/middleware.rb:18:in `catch'
web-console (3.5.1) lib/web_console/middleware.rb:18:in `call'
actionpack (5.1.5) lib/action_dispatch/middleware/show_exceptions.rb:31:in `call'
railties (5.1.5) lib/rails/rack/logger.rb:36:in `call_app'
railties (5.1.5) lib/rails/rack/logger.rb:24:in `block in call'
activesupport (5.1.5) lib/active_support/tagged_logging.rb:69:in `block in tagged'
activesupport (5.1.5) lib/active_support/tagged_logging.rb:26:in `tagged'
activesupport (5.1.5) lib/active_support/tagged_logging.rb:69:in `tagged'
railties (5.1.5) lib/rails/rack/logger.rb:24:in `call'
sprockets-rails (3.2.1) lib/sprockets/rails/quiet_assets.rb:13:in `call'
actionpack (5.1.5) lib/action_dispatch/middleware/remote_ip.rb:79:in `call'
actionpack (5.1.5) lib/action_dispatch/middleware/request_id.rb:25:in `call'
rack (2.0.4) lib/rack/method_override.rb:22:in `call'
rack (2.0.4) lib/rack/runtime.rb:22:in `call'
activesupport (5.1.5) lib/active_support/cache/strategy/local_cache_middleware.rb:27:in `call'
actionpack (5.1.5) lib/action_dispatch/middleware/executor.rb:12:in `call'
actionpack (5.1.5) lib/action_dispatch/middleware/static.rb:125:in `call'
rack (2.0.4) lib/rack/sendfile.rb:111:in `call'
railties (5.1.5) lib/rails/engine.rb:522:in `call'
puma (3.11.2) lib/puma/configuration.rb:225:in `call'
puma (3.11.2) lib/puma/server.rb:624:in `handle_request'
puma (3.11.2) lib/puma/server.rb:438:in `process_client'
puma (3.11.2) lib/puma/server.rb:302:in `block in run'
puma (3.11.2) lib/puma/thread_pool.rb:120:in `block in spawn_thread'
Started GET "/welcome/index" for 127.0.0.1 at 2018-02-16 23:43:48 -0600
Processing by WelcomeController#index as HTML
  Rendering welcome/index.html.erb within layouts/application
  Rendered welcome/index.html.erb within layouts/application (0.5ms)
Completed 200 OK in 26ms (Views: 23.8ms | ActiveRecord: 0.0ms)


Started GET "/welcome/index" for 127.0.0.1 at 2018-02-16 23:43:55 -0600
Processing by WelcomeController#index as HTML
  Rendering welcome/index.html.erb within layouts/application
  Rendered welcome/index.html.erb within layouts/application (0.8ms)
Completed 200 OK in 19ms (Views: 17.7ms | ActiveRecord: 0.0ms)


Started GET "/articles" for 127.0.0.1 at 2018-02-16 23:43:57 -0600
Processing by ArticlesController#index as HTML
  Rendering articles/index.html.erb within layouts/application
  [1m[36mArticle Load (0.2ms)[0m  [1m[34mSELECT "articles".* FROM "articles"[0m
  Rendered articles/index.html.erb within layouts/application (1.8ms)
Completed 200 OK in 37ms (Views: 34.3ms | ActiveRecord: 0.2ms)


Started GET "/welcome/index" for 127.0.0.1 at 2018-02-16 23:45:02 -0600
Processing by WelcomeController#index as HTML
  Rendering welcome/index.html.erb within layouts/application
  Rendered welcome/index.html.erb within layouts/application (0.9ms)
Completed 200 OK in 22ms (Views: 19.2ms | ActiveRecord: 0.0ms)


Started GET "/articles" for 127.0.0.1 at 2018-02-16 23:46:38 -0600
Processing by ArticlesController#index as HTML
  Rendering articles/index.html.erb within layouts/application
  [1m[36mArticle Load (0.2ms)[0m  [1m[34mSELECT "articles".* FROM "articles"[0m
  Rendered articles/index.html.erb within layouts/application (1.6ms)
Completed 200 OK in 23ms (Views: 20.5ms | ActiveRecord: 0.2ms)


Started GET "/articles/new" for 127.0.0.1 at 2018-02-16 23:46:42 -0600
Processing by ArticlesController#new as HTML
  Rendering articles/new.html.erb within layouts/application
  Rendered articles/new.html.erb within layouts/application (26.4ms)
Completed 200 OK in 52ms (Views: 48.7ms | ActiveRecord: 0.0ms)


Started GET "/articles/new" for 127.0.0.1 at 2018-02-16 23:47:29 -0600
Processing by ArticlesController#new as HTML
  Rendering articles/new.html.erb within layouts/application
  Rendered articles/new.html.erb within layouts/application (3.3ms)
Completed 200 OK in 50ms (Views: 47.9ms | ActiveRecord: 0.0ms)


Started GET "/articles" for 127.0.0.1 at 2018-02-16 23:47:57 -0600
Processing by ArticlesController#index as HTML
  Rendering articles/index.html.erb within layouts/application
  [1m[36mArticle Load (0.2ms)[0m  [1m[34mSELECT "articles".* FROM "articles"[0m
  Rendered articles/index.html.erb within layouts/application (1.6ms)
Completed 200 OK in 26ms (Views: 24.1ms | ActiveRecord: 0.2ms)


Started GET "/articles/new" for 127.0.0.1 at 2018-02-16 23:50:23 -0600
Processing by ArticlesController#new as HTML
  Rendering articles/new.html.erb within layouts/application
  Rendered articles/new.html.erb within layouts/application (3.3ms)
Completed 200 OK in 42ms (Views: 39.9ms | ActiveRecord: 0.0ms)


Started GET "/articles/new" for 127.0.0.1 at 2018-02-16 23:50:33 -0600
Processing by ArticlesController#new as HTML
  Rendering articles/new.html.erb within layouts/application
  Rendered articles/new.html.erb within layouts/application (2.8ms)
Completed 200 OK in 22ms (Views: 19.8ms | ActiveRecord: 0.0ms)


Started GET "/articles" for 127.0.0.1 at 2018-02-16 23:50:35 -0600
Processing by ArticlesController#index as HTML
  Rendering articles/index.html.erb within layouts/application
  [1m[36mArticle Load (0.2ms)[0m  [1m[34mSELECT "articles".* FROM "articles"[0m
  Rendered articles/index.html.erb within layouts/application (1.8ms)
Completed 200 OK in 33ms (Views: 30.6ms | ActiveRecord: 0.2ms)


Started GET "/articles/new" for 127.0.0.1 at 2018-02-16 23:50:41 -0600
Processing by ArticlesController#new as HTML
  Rendering articles/new.html.erb within layouts/application
  Rendered articles/new.html.erb within layouts/application (2.9ms)
Completed 200 OK in 47ms (Views: 43.6ms | ActiveRecord: 0.0ms)


Started GET "/articles" for 127.0.0.1 at 2018-02-16 23:50:44 -0600
Processing by ArticlesController#index as HTML
  Rendering articles/index.html.erb within layouts/application
  [1m[36mArticle Load (0.3ms)[0m  [1m[34mSELECT "articles".* FROM "articles"[0m
  Rendered articles/index.html.erb within layouts/application (3.5ms)
Completed 200 OK in 44ms (Views: 41.0ms | ActiveRecord: 0.3ms)


Started GET "/articles" for 127.0.0.1 at 2018-02-16 23:52:09 -0600
Processing by ArticlesController#index as HTML
  Rendering articles/index.html.erb within layouts/application
  [1m[36mArticle Load (0.1ms)[0m  [1m[34mSELECT "articles".* FROM "articles"[0m
  Rendered articles/index.html.erb within layouts/application (1.3ms)
Completed 200 OK in 31ms (Views: 29.3ms | ActiveRecord: 0.1ms)


Started GET "/articles/new" for 127.0.0.1 at 2018-02-16 23:52:11 -0600
Processing by ArticlesController#new as HTML
  Rendering articles/new.html.erb within layouts/application
  Rendered articles/new.html.erb within layouts/application (5.3ms)
Completed 200 OK in 47ms (Views: 45.2ms | ActiveRecord: 0.0ms)


Started GET "/articles" for 127.0.0.1 at 2018-02-16 23:52:14 -0600
Processing by ArticlesController#index as HTML
  Rendering articles/index.html.erb within layouts/application
  [1m[36mArticle Load (0.2ms)[0m  [1m[34mSELECT "articles".* FROM "articles"[0m
  Rendered articles/index.html.erb within layouts/application (2.1ms)
Completed 200 OK in 41ms (Views: 38.5ms | ActiveRecord: 0.2ms)


Started GET "/articles/1" for 127.0.0.1 at 2018-02-16 23:52:14 -0600
Processing by ArticlesController#show as HTML
  Parameters: {"id"=>"1"}
  [1m[36mArticle Load (0.1ms)[0m  [1m[34mSELECT  "articles".* FROM "articles" WHERE "articles"."id" = ? LIMIT ?[0m  [["id", 1], ["LIMIT", 1]]
  Rendering articles/show.html.erb within layouts/application
  Rendered articles/show.html.erb within layouts/application (0.7ms)
Completed 200 OK in 41ms (Views: 38.7ms | ActiveRecord: 0.1ms)


Started GET "/articles" for 127.0.0.1 at 2018-02-16 23:52:17 -0600
Processing by ArticlesController#index as HTML
  Rendering articles/index.html.erb within layouts/application
  [1m[36mArticle Load (0.2ms)[0m  [1m[34mSELECT "articles".* FROM "articles"[0m
  Rendered articles/index.html.erb within layouts/application (3.1ms)
Completed 200 OK in 33ms (Views: 31.0ms | ActiveRecord: 0.2ms)


Started GET "/articles" for 127.0.0.1 at 2018-02-17 00:00:19 -0600
Processing by ArticlesController#index as HTML
  Rendering articles/index.html.erb within layouts/application
  [1m[36mArticle Load (0.1ms)[0m  [1m[34mSELECT "articles".* FROM "articles"[0m
  Rendered articles/index.html.erb within layouts/application (7.3ms)
Completed 200 OK in 33ms (Views: 29.9ms | ActiveRecord: 0.9ms)


Started GET "/articles/new" for 127.0.0.1 at 2018-02-17 00:00:21 -0600
Processing by ArticlesController#new as HTML
  Rendering articles/new.html.erb within layouts/application
  Rendered articles/new.html.erb within layouts/application (2.9ms)
Completed 200 OK in 48ms (Views: 45.9ms | ActiveRecord: 0.0ms)


Started POST "/articles" for 127.0.0.1 at 2018-02-17 00:00:26 -0600
Processing by ArticlesController#create as HTML
  Parameters: {"utf8"=>"✓", "authenticity_token"=>"YAIszbMrKLzbWrprx33HU07QxVqzT+zqUsLwgSzW+DZZFo3xNXxF/87eqTAJjI6Xxzotnr6DZ6TMkKpntavACg==", "article"=>{"title"=>"", "text"=>""}, "commit"=>"Save Article"}
  [1m[35m (0.1ms)[0m  [1m[36mbegin transaction[0m
  [1m[35m (0.1ms)[0m  [1m[31mrollback transaction[0m
  Rendering articles/new.html.erb within layouts/application
  Rendered articles/new.html.erb within layouts/application (13.4ms)
Completed 200 OK in 37ms (Views: 32.7ms | ActiveRecord: 0.2ms)


Started GET "/articles" for 127.0.0.1 at 2018-02-17 00:31:39 -0600
Processing by ArticlesController#index as HTML
  Rendering articles/index.html.erb within layouts/application
  [1m[36mArticle Load (0.1ms)[0m  [1m[34mSELECT "articles".* FROM "articles"[0m
  Rendered articles/index.html.erb within layouts/application (7.6ms)
Completed 200 OK in 37ms (Views: 33.2ms | ActiveRecord: 0.9ms)


Started GET "/articles/new" for 127.0.0.1 at 2018-02-17 00:31:44 -0600
Processing by ArticlesController#new as HTML
  Rendering articles/new.html.erb within layouts/application
  Rendered articles/new.html.erb within layouts/application (3.3ms)
Completed 200 OK in 35ms (Views: 32.7ms | ActiveRecord: 0.0ms)


Started POST "/articles" for 127.0.0.1 at 2018-02-17 00:32:10 -0600
Processing by ArticlesController#create as HTML
  Parameters: {"utf8"=>"✓", "authenticity_token"=>"uiIyjaBEJbNzTaYqS3mMEMPRUdGBqemJ3ob4qMHfA9iDNpOxJhNI8GbJtXGFiMXUSju5FYxlYsdA1KJOWKI75A==", "article"=>{"title"=>"Second Post", "text"=>"My second post y'all "}, "commit"=>"Save Article"}
  [1m[35m (0.1ms)[0m  [1m[36mbegin transaction[0m
  [1m[35mSQL (0.5ms)[0m  [1m[32mINSERT INTO "articles" ("title", "text", "created_at", "updated_at") VALUES (?, ?, ?, ?)[0m  [["title", "Second Post"], ["text", "My second post y'all "], ["created_at", "2018-02-17 06:32:10.051909"], ["updated_at", "2018-02-17 06:32:10.051909"]]
  [1m[35m (0.9ms)[0m  [1m[36mcommit transaction[0m
Redirected to http://0.0.0.0:3000/articles/2
Completed 302 Found in 6ms (ActiveRecord: 1.4ms)


Started GET "/articles/2" for 127.0.0.1 at 2018-02-17 00:32:10 -0600
Processing by ArticlesController#show as HTML
  Parameters: {"id"=>"2"}
  [1m[36mArticle Load (0.3ms)[0m  [1m[34mSELECT  "articles".* FROM "articles" WHERE "articles"."id" = ? LIMIT ?[0m  [["id", 2], ["LIMIT", 1]]
  Rendering articles/show.html.erb within layouts/application
  Rendered articles/show.html.erb within layouts/application (230.9ms)
Completed 500 Internal Server Error in 238ms (ActiveRecord: 0.3ms)


  
ActionView::Template::Error (undefined local variable or method `article' for #<#<Class:0x00007f9313950620>:0x00007f9313920268>
Did you mean?  @article):
     9: </p>
    10: 
    11: <%= link_to 'Back', articles_path %>
    12: <%= link_to 'Edit', edit_article_path(article) %>
  
app/views/articles/show.html.erb:12:in `_app_views_articles_show_html_erb__2105905268255309846_70134832629620'
Started POST "/articles" for 127.0.0.1 at 2018-02-17 00:32:57 -0600
Processing by ArticlesController#create as HTML
  Parameters: {"utf8"=>"✓", "authenticity_token"=>"Il7zpD10PQ42srtrDi7/4Fc9V9ItkWxUIPtVAkGGHwTooyvFMqgRGkNj85DZezWEDopzyjNryU9Q6pQdXb/JVg==", "article"=>{"title"=>"Second Post", "text"=>"My second post y'all "}, "commit"=>"Save Article"}
  [1m[35m (0.1ms)[0m  [1m[36mbegin transaction[0m
  [1m[35mSQL (0.5ms)[0m  [1m[32mINSERT INTO "articles" ("title", "text", "created_at", "updated_at") VALUES (?, ?, ?, ?)[0m  [["title", "Second Post"], ["text", "My second post y'all "], ["created_at", "2018-02-17 06:32:57.121009"], ["updated_at", "2018-02-17 06:32:57.121009"]]
  [1m[35m (0.6ms)[0m  [1m[36mcommit transaction[0m
Redirected to http://0.0.0.0:3000/articles/3
Completed 302 Found in 4ms (ActiveRecord: 1.1ms)


Started GET "/articles/3" for 127.0.0.1 at 2018-02-17 00:32:57 -0600
Processing by ArticlesController#show as HTML
  Parameters: {"id"=>"3"}
  [1m[36mArticle Load (0.2ms)[0m  [1m[34mSELECT  "articles".* FROM "articles" WHERE "articles"."id" = ? LIMIT ?[0m  [["id", 3], ["LIMIT", 1]]
  Rendering articles/show.html.erb within layouts/application
  Rendered articles/show.html.erb within layouts/application (1.3ms)
Completed 200 OK in 21ms (Views: 18.4ms | ActiveRecord: 0.2ms)


Started GET "/articles" for 127.0.0.1 at 2018-02-17 00:33:02 -0600
Processing by ArticlesController#index as HTML
  Rendering articles/index.html.erb within layouts/application
  [1m[36mArticle Load (0.2ms)[0m  [1m[34mSELECT "articles".* FROM "articles"[0m
  Rendered articles/index.html.erb within layouts/application (2.4ms)
Completed 200 OK in 39ms (Views: 36.4ms | ActiveRecord: 0.2ms)


Started GET "/articles/1/edit" for 127.0.0.1 at 2018-02-17 00:33:06 -0600
Processing by ArticlesController#edit as HTML
  Parameters: {"id"=>"1"}
  [1m[36mArticle Load (0.2ms)[0m  [1m[34mSELECT  "articles".* FROM "articles" WHERE "articles"."id" = ? LIMIT ?[0m  [["id", 1], ["LIMIT", 1]]
  Rendering articles/edit.html.erb within layouts/application
  Rendered articles/edit.html.erb within layouts/application (5.0ms)
Completed 500 Internal Server Error in 15ms (ActiveRecord: 0.2ms)


  
ActionView::Template::Error (undefined method `errors' for nil:NilClass):
    2: 
    3: <%= form_with(model: @article) do |form| %>
    4: 
    5:   <% if @article.errors.any? %>
    6:     <div id="error_explanation">
    7:       <h2>
    8:         <%= pluralize(@article.errors.count, "error") %> prohibited
  
app/views/articles/edit.html.erb:5:in `block in _app_views_articles_edit_html_erb__1874625070793534621_70134831573060'
app/views/articles/edit.html.erb:3:in `_app_views_articles_edit_html_erb__1874625070793534621_70134831573060'
Started GET "/articles" for 127.0.0.1 at 2018-02-17 00:33:10 -0600
Processing by ArticlesController#index as HTML
  Rendering articles/index.html.erb within layouts/application
  [1m[36mArticle Load (0.3ms)[0m  [1m[34mSELECT "articles".* FROM "articles"[0m
  Rendered articles/index.html.erb within layouts/application (2.4ms)
Completed 200 OK in 20ms (Views: 17.7ms | ActiveRecord: 0.3ms)


Started GET "/articles/1/edit" for 127.0.0.1 at 2018-02-17 00:33:17 -0600
Processing by ArticlesController#edit as HTML
  Parameters: {"id"=>"1"}
  [1m[36mArticle Load (0.1ms)[0m  [1m[34mSELECT  "articles".* FROM "articles" WHERE "articles"."id" = ? LIMIT ?[0m  [["id", 1], ["LIMIT", 1]]
  Rendering articles/edit.html.erb within layouts/application
  Rendered articles/edit.html.erb within layouts/application (3.5ms)
Completed 500 Internal Server Error in 11ms (ActiveRecord: 0.1ms)


  
ActionView::Template::Error (undefined method `errors' for nil:NilClass):
    2: 
    3: <%= form_with(model: @article) do |form| %>
    4: 
    5:   <% if @article.errors.any? %>
    6:     <div id="error_explanation">
    7:       <h2>
    8:         <%= pluralize(@article.errors.count, "error") %> prohibited
  
app/views/articles/edit.html.erb:5:in `block in _app_views_articles_edit_html_erb__1874625070793534621_70134872655200'
app/views/articles/edit.html.erb:3:in `_app_views_articles_edit_html_erb__1874625070793534621_70134872655200'
Started GET "/articles/1/edit" for 127.0.0.1 at 2018-02-17 00:35:39 -0600
Processing by ArticlesController#edit as HTML
  Parameters: {"id"=>"1"}
  [1m[36mArticle Load (0.1ms)[0m  [1m[34mSELECT  "articles".* FROM "articles" WHERE "articles"."id" = ? LIMIT ?[0m  [["id", 1], ["LIMIT", 1]]
  Rendering articles/edit.html.erb within layouts/application
  Rendered articles/edit.html.erb within layouts/application (3.2ms)
Completed 500 Internal Server Error in 10ms (ActiveRecord: 0.1ms)


  
ActionView::Template::Error (undefined method `errors' for nil:NilClass):
    2: 
    3: <%= form_with(model: @article) do |form| %>
    4: 
    5:   <% if @article.errors.any? %>
    6:     <div id="error_explanation">
    7:       <h2>
    8:         <%= pluralize(@article.errors.count, "error") %> prohibited
  
app/views/articles/edit.html.erb:5:in `block in _app_views_articles_edit_html_erb__1874625070793534621_70134873264860'
app/views/articles/edit.html.erb:3:in `_app_views_articles_edit_html_erb__1874625070793534621_70134873264860'
Started GET "/articles" for 127.0.0.1 at 2018-02-17 00:35:47 -0600
Processing by ArticlesController#index as HTML
  Rendering articles/index.html.erb within layouts/application
  [1m[36mArticle Load (0.2ms)[0m  [1m[34mSELECT "articles".* FROM "articles"[0m
  Rendered articles/index.html.erb within layouts/application (1.8ms)
Completed 200 OK in 52ms (Views: 50.6ms | ActiveRecord: 0.2ms)


Started GET "/articles/1/edit" for 127.0.0.1 at 2018-02-17 00:35:49 -0600
Processing by ArticlesController#edit as HTML
  Parameters: {"id"=>"1"}
  [1m[36mArticle Load (0.2ms)[0m  [1m[34mSELECT  "articles".* FROM "articles" WHERE "articles"."id" = ? LIMIT ?[0m  [["id", 1], ["LIMIT", 1]]
  Rendering articles/edit.html.erb within layouts/application
  Rendered articles/edit.html.erb within layouts/application (3.9ms)
Completed 500 Internal Server Error in 12ms (ActiveRecord: 0.2ms)


  
ActionView::Template::Error (undefined method `errors' for nil:NilClass):
    2: 
    3: <%= form_with(model: @article) do |form| %>
    4: 
    5:   <% if @article.errors.any? %>
    6:     <div id="error_explanation">
    7:       <h2>
    8:         <%= pluralize(@article.errors.count, "error") %> prohibited
  
app/views/articles/edit.html.erb:5:in `block in _app_views_articles_edit_html_erb__1874625070793534621_70134845380680'
app/views/articles/edit.html.erb:3:in `_app_views_articles_edit_html_erb__1874625070793534621_70134845380680'
Started GET "/articles/1/edit" for 127.0.0.1 at 2018-02-17 00:37:25 -0600
Processing by ArticlesController#edit as HTML
  Parameters: {"id"=>"1"}
  [1m[36mArticle Load (0.1ms)[0m  [1m[34mSELECT  "articles".* FROM "articles" WHERE "articles"."id" = ? LIMIT ?[0m  [["id", 1], ["LIMIT", 1]]
  Rendering articles/edit.html.erb within layouts/application
  Rendered articles/edit.html.erb within layouts/application (3.8ms)
Completed 500 Internal Server Error in 11ms (ActiveRecord: 0.1ms)


  
ActionView::Template::Error (undefined method `errors' for nil:NilClass):
    2: 
    3: <%= form_with(model: @article) do |form| %>
    4: 
    5:   <% if @article.errors.any? %>
    6:     <div id="error_explanation">
    7:       <h2>
    8:         <%= pluralize(@article.errors.count, "error") %> prohibited
  
app/views/articles/edit.html.erb:5:in `block in _app_views_articles_edit_html_erb__1874625070793534621_70134845457500'
app/views/articles/edit.html.erb:3:in `_app_views_articles_edit_html_erb__1874625070793534621_70134845457500'
Started GET "/articles" for 127.0.0.1 at 2018-02-17 00:37:31 -0600
Processing by ArticlesController#index as HTML
  Rendering articles/index.html.erb within layouts/application
  [1m[36mArticle Load (2.1ms)[0m  [1m[34mSELECT "articles".* FROM "articles"[0m
  Rendered articles/index.html.erb within layouts/application (4.5ms)
Completed 200 OK in 43ms (Views: 39.1ms | ActiveRecord: 2.1ms)


Started GET "/articles/1" for 127.0.0.1 at 2018-02-17 00:37:33 -0600
Processing by ArticlesController#show as HTML
  Parameters: {"id"=>"1"}
  [1m[36mArticle Load (0.1ms)[0m  [1m[34mSELECT  "articles".* FROM "articles" WHERE "articles"."id" = ? LIMIT ?[0m  [["id", 1], ["LIMIT", 1]]
  Rendering articles/show.html.erb within layouts/application
  Rendered articles/show.html.erb within layouts/application (227.6ms)
Completed 500 Internal Server Error in 236ms (ActiveRecord: 0.1ms)


  
ActionView::Template::Error (undefined local variable or method `article' for #<#<Class:0x00007f9313950620>:0x00007f93187235a0>
Did you mean?  @article):
     9: </p>
    10: 
    11: <%= link_to 'Back', articles_path %>
    12: <%= link_to 'Edit', edit_article_path(article) %>
  
app/views/articles/show.html.erb:12:in `_app_views_articles_show_html_erb__2105905268255309846_70134845423660'
Started GET "/articles/1" for 127.0.0.1 at 2018-02-17 00:37:50 -0600
Processing by ArticlesController#show as HTML
  Parameters: {"id"=>"1"}
  [1m[36mArticle Load (0.2ms)[0m  [1m[34mSELECT  "articles".* FROM "articles" WHERE "articles"."id" = ? LIMIT ?[0m  [["id", 1], ["LIMIT", 1]]
  Rendering articles/show.html.erb within layouts/application
  Rendered articles/show.html.erb within layouts/application (0.7ms)
Completed 200 OK in 28ms (Views: 24.8ms | ActiveRecord: 0.2ms)


Started GET "/articles" for 127.0.0.1 at 2018-02-17 00:37:52 -0600
Processing by ArticlesController#index as HTML
  Rendering articles/index.html.erb within layouts/application
  [1m[36mArticle Load (0.2ms)[0m  [1m[34mSELECT "articles".* FROM "articles"[0m
  Rendered articles/index.html.erb within layouts/application (3.0ms)
Completed 200 OK in 36ms (Views: 34.8ms | ActiveRecord: 0.2ms)


Started GET "/articles/new" for 127.0.0.1 at 2018-02-17 00:38:14 -0600
Processing by ArticlesController#new as HTML
  Rendering articles/new.html.erb within layouts/application
  Rendered articles/new.html.erb within layouts/application (2.4ms)
Completed 200 OK in 35ms (Views: 32.7ms | ActiveRecord: 0.0ms)


Started POST "/articles" for 127.0.0.1 at 2018-02-17 00:38:16 -0600
Processing by ArticlesController#create as HTML
  Parameters: {"utf8"=>"✓", "authenticity_token"=>"SofRE3jusKRmFiE0iuMTY8ft1gm8jBeMRAxQ7MozfKFzk3Av/rnd53OSMm9EElqnTgc+zbFAnMLaXgoKU05EnQ==", "article"=>{"title"=>"", "text"=>""}, "commit"=>"Save Article"}
  [1m[35m (0.1ms)[0m  [1m[36mbegin transaction[0m
  [1m[35m (0.1ms)[0m  [1m[31mrollback transaction[0m
  Rendering articles/new.html.erb within layouts/application
  Rendered articles/new.html.erb within layouts/application (2.7ms)
Completed 200 OK in 26ms (Views: 23.1ms | ActiveRecord: 0.1ms)


Started GET "/articles" for 127.0.0.1 at 2018-02-17 00:38:21 -0600
Processing by ArticlesController#index as HTML
  Rendering articles/index.html.erb within layouts/application
  [1m[36mArticle Load (0.2ms)[0m  [1m[34mSELECT "articles".* FROM "articles"[0m
  Rendered articles/index.html.erb within layouts/application (2.6ms)
Completed 200 OK in 34ms (Views: 32.5ms | ActiveRecord: 0.2ms)


Started GET "/articles" for 127.0.0.1 at 2018-02-17 00:43:05 -0600
Processing by ArticlesController#index as HTML
  Rendering articles/index.html.erb within layouts/application
  [1m[36mArticle Load (0.3ms)[0m  [1m[34mSELECT "articles".* FROM "articles"[0m
  Rendered articles/index.html.erb within layouts/application (2.4ms)
Completed 200 OK in 24ms (Views: 22.4ms | ActiveRecord: 0.3ms)


Started GET "/articles/1/edit" for 127.0.0.1 at 2018-02-17 00:43:07 -0600
Processing by ArticlesController#edit as HTML
  Parameters: {"id"=>"1"}
  [1m[36mArticle Load (0.1ms)[0m  [1m[34mSELECT  "articles".* FROM "articles" WHERE "articles"."id" = ? LIMIT ?[0m  [["id", 1], ["LIMIT", 1]]
  Rendering articles/edit.html.erb within layouts/application
  Rendered articles/edit.html.erb within layouts/application (3.6ms)
Completed 500 Internal Server Error in 11ms (ActiveRecord: 0.1ms)


  
ActionView::Template::Error (undefined method `errors' for nil:NilClass):
    2: 
    3: <%= form_with(model: @article) do |form| %>
    4: 
    5:   <% if @article.errors.any? %>
    6:     <div id="error_explanation">
    7:       <h2>
    8:         <%= pluralize(@article.errors.count, "error") %> prohibited
  
app/views/articles/edit.html.erb:5:in `block in _app_views_articles_edit_html_erb__1874625070793534621_70134871429160'
app/views/articles/edit.html.erb:3:in `_app_views_articles_edit_html_erb__1874625070793534621_70134871429160'
Started GET "/articles" for 127.0.0.1 at 2018-02-17 00:44:50 -0600
Processing by ArticlesController#index as HTML
  Rendering articles/index.html.erb within layouts/application
  [1m[36mArticle Load (0.2ms)[0m  [1m[34mSELECT "articles".* FROM "articles"[0m
  Rendered articles/index.html.erb within layouts/application (1.9ms)
Completed 200 OK in 22ms (Views: 20.0ms | ActiveRecord: 0.2ms)


Started GET "/articles" for 127.0.0.1 at 2018-02-17 00:45:28 -0600
Processing by ArticlesController#index as HTML
  Rendering articles/index.html.erb within layouts/application
  [1m[36mArticle Load (0.2ms)[0m  [1m[34mSELECT "articles".* FROM "articles"[0m
  Rendered articles/index.html.erb within layouts/application (1.9ms)
Completed 200 OK in 28ms (Views: 26.6ms | ActiveRecord: 0.2ms)


Started GET "/articles" for 127.0.0.1 at 2018-02-17 00:45:49 -0600
Processing by ArticlesController#index as HTML
  Rendering articles/index.html.erb within layouts/application
  [1m[36mArticle Load (0.2ms)[0m  [1m[34mSELECT "articles".* FROM "articles"[0m
  Rendered articles/index.html.erb within layouts/application (1.8ms)
Completed 200 OK in 32ms (Views: 29.9ms | ActiveRecord: 0.2ms)


Started GET "/" for 127.0.0.1 at 2018-02-19 13:41:15 -0600
  [1m[35m (0.4ms)[0m  [1m[34mSELECT "schema_migrations"."version" FROM "schema_migrations" ORDER BY "schema_migrations"."version" ASC[0m
Processing by WelcomeController#index as HTML
  Rendering welcome/index.html.erb within layouts/application
  Rendered welcome/index.html.erb within layouts/application (1.7ms)
Completed 200 OK in 239ms (Views: 228.6ms | ActiveRecord: 0.0ms)


Started GET "/articles" for 127.0.0.1 at 2018-02-19 13:41:19 -0600
Processing by ArticlesController#index as HTML
  Rendering articles/index.html.erb within layouts/application
  [1m[36mArticle Load (0.6ms)[0m  [1m[34mSELECT "articles".* FROM "articles"[0m
  Rendered articles/index.html.erb within layouts/application (13.8ms)
Completed 200 OK in 44ms (Views: 34.6ms | ActiveRecord: 2.3ms)


Started GET "/articles/1/edit" for 127.0.0.1 at 2018-02-19 13:41:23 -0600
Processing by ArticlesController#edit as HTML
  Parameters: {"id"=>"1"}
  [1m[36mArticle Load (0.3ms)[0m  [1m[34mSELECT  "articles".* FROM "articles" WHERE "articles"."id" = ? LIMIT ?[0m  [["id", 1], ["LIMIT", 1]]
  Rendering articles/edit.html.erb within layouts/application
  Rendered articles/edit.html.erb within layouts/application (8.2ms)
Completed 500 Internal Server Error in 23ms (ActiveRecord: 0.3ms)


  
ActionView::Template::Error (undefined method `errors' for nil:NilClass):
    2: 
    3: <%= form_with(model: @article) do |form| %>
    4: 
    5:   <% if @article.errors.any? %>
    6:     <div id="error_explanation">
    7:       <h2>
    8:         <%= pluralize(@article.errors.count, "error") %> prohibited
  
app/views/articles/edit.html.erb:5:in `block in _app_views_articles_edit_html_erb___4570075897071378544_70330300891820'
app/views/articles/edit.html.erb:3:in `_app_views_articles_edit_html_erb___4570075897071378544_70330300891820'
Started GET "/articles/1/edit" for 127.0.0.1 at 2018-02-19 13:47:54 -0600
Processing by ArticlesController#edit as HTML
  Parameters: {"id"=>"1"}
  [1m[36mArticle Load (0.5ms)[0m  [1m[34mSELECT  "articles".* FROM "articles" WHERE "articles"."id" = ? LIMIT ?[0m  [["id", 1], ["LIMIT", 1]]
  Rendering articles/edit.html.erb within layouts/application
  Rendered articles/edit.html.erb within layouts/application (3.0ms)
Completed 500 Internal Server Error in 21ms (ActiveRecord: 1.4ms)


  
ActionView::Template::Error (undefined method `errors' for nil:NilClass):
    2: 
    3: <%= form_with(model: @article) do |form| %>
    4: 
    5:   <% if @article.errors.any? %>
    6:     <div id="error_explanation">
    7:       <h2>
    8:         <%= pluralize(@article.errors.count, "error") %> prohibited
  
app/views/articles/edit.html.erb:5:in `block in _app_views_articles_edit_html_erb___4570075897071378544_70330342577200'
app/views/articles/edit.html.erb:3:in `_app_views_articles_edit_html_erb___4570075897071378544_70330342577200'
Started GET "/" for 127.0.0.1 at 2018-02-19 13:52:39 -0600
Processing by WelcomeController#index as HTML
  Rendering welcome/index.html.erb within layouts/application
  Rendered welcome/index.html.erb within layouts/application (0.8ms)
Completed 200 OK in 27ms (Views: 24.4ms)


Started GET "/articles" for 127.0.0.1 at 2018-02-19 13:52:41 -0600
Processing by ArticlesController#index as HTML
  Rendering articles/index.html.erb within layouts/application
  [1m[36mArticle Load (0.6ms)[0m  [1m[34mSELECT "articles".* FROM "articles"[0m
  Rendered articles/index.html.erb within layouts/application (14.7ms)
Completed 200 OK in 52ms (Views: 42.1ms | ActiveRecord: 2.1ms)


Started GET "/articles/1/edit" for 127.0.0.1 at 2018-02-19 13:52:43 -0600
Processing by ArticlesController#edit as HTML
  Parameters: {"id"=>"1"}
  [1m[36mArticle Load (0.3ms)[0m  [1m[34mSELECT  "articles".* FROM "articles" WHERE "articles"."id" = ? LIMIT ?[0m  [["id", 1], ["LIMIT", 1]]
  Rendering articles/edit.html.erb within layouts/application
  Rendered articles/edit.html.erb within layouts/application (6.1ms)
Completed 500 Internal Server Error in 19ms (ActiveRecord: 0.3ms)


  
ActionView::Template::Error (undefined method `errors' for nil:NilClass):
    2: 
    3: <%= form_with(model: @article) do |form| %>
    4: 
    5:   <% if @article.errors.any? %>
    6:     <div id="error_explanation">
    7:       <h2>
    8:         <%= pluralize(@article.errors.count, "error") %>
  
app/views/articles/edit.html.erb:5:in `block in _app_views_articles_edit_html_erb___4570075897071378544_70330342414800'
app/views/articles/edit.html.erb:3:in `_app_views_articles_edit_html_erb___4570075897071378544_70330342414800'
Started GET "/" for 127.0.0.1 at 2018-02-19 13:56:51 -0600
Processing by WelcomeController#index as HTML
  Rendering welcome/index.html.erb within layouts/application
  Rendered welcome/index.html.erb within layouts/application (1.0ms)
Completed 200 OK in 39ms (Views: 25.5ms | ActiveRecord: 0.0ms)


Started GET "/articles" for 127.0.0.1 at 2018-02-19 13:56:54 -0600
Processing by ArticlesController#index as HTML
  Rendering articles/index.html.erb within layouts/application
  [1m[36mArticle Load (0.3ms)[0m  [1m[34mSELECT "articles".* FROM "articles"[0m
  Rendered articles/index.html.erb within layouts/application (2.5ms)
Completed 200 OK in 36ms (Views: 33.3ms | ActiveRecord: 0.3ms)


Started GET "/articles/1" for 127.0.0.1 at 2018-02-19 13:56:55 -0600
Processing by ArticlesController#show as HTML
  Parameters: {"id"=>"1"}
  [1m[36mArticle Load (0.2ms)[0m  [1m[34mSELECT  "articles".* FROM "articles" WHERE "articles"."id" = ? LIMIT ?[0m  [["id", 1], ["LIMIT", 1]]
  Rendering articles/show.html.erb within layouts/application
  Rendered articles/show.html.erb within layouts/application (258.2ms)
Completed 500 Internal Server Error in 268ms (ActiveRecord: 0.2ms)


  
ActionView::Template::Error (undefined local variable or method `article' for #<#<Class:0x00007fee1e3a8428>:0x00007fee19502c88>
Did you mean?  @article):
     9: </p>
    10: 
    11: <%= link_to 'Back', articles_path %>
    12: <%= link_to 'Edit', edit_article_path(article) %>
  
app/views/articles/show.html.erb:12:in `_app_views_articles_show_html_erb__2780264475346768066_70330301815620'
Started GET "/articles" for 127.0.0.1 at 2018-02-19 13:57:02 -0600
Processing by ArticlesController#index as HTML
  Rendering articles/index.html.erb within layouts/application
  [1m[36mArticle Load (0.3ms)[0m  [1m[34mSELECT "articles".* FROM "articles"[0m
  Rendered articles/index.html.erb within layouts/application (2.8ms)
Completed 200 OK in 26ms (Views: 23.2ms | ActiveRecord: 0.3ms)


Started GET "/articles/new" for 127.0.0.1 at 2018-02-19 13:57:05 -0600
Processing by ArticlesController#new as HTML
  Rendering articles/new.html.erb within layouts/application
  Rendered articles/_form.html.erb (38.3ms)
  Rendered articles/new.html.erb within layouts/application (42.4ms)
Completed 200 OK in 65ms (Views: 61.4ms | ActiveRecord: 0.0ms)


Started GET "/articles" for 127.0.0.1 at 2018-02-19 13:57:07 -0600
Processing by ArticlesController#index as HTML
  Rendering articles/index.html.erb within layouts/application
  [1m[36mArticle Load (0.4ms)[0m  [1m[34mSELECT "articles".* FROM "articles"[0m
  Rendered articles/index.html.erb within layouts/application (3.4ms)
Completed 200 OK in 47ms (Views: 40.1ms | ActiveRecord: 0.4ms)


Started GET "/articles/1" for 127.0.0.1 at 2018-02-19 13:57:49 -0600
Processing by ArticlesController#show as HTML
  Parameters: {"id"=>"1"}
  [1m[36mArticle Load (0.2ms)[0m  [1m[34mSELECT  "articles".* FROM "articles" WHERE "articles"."id" = ? LIMIT ?[0m  [["id", 1], ["LIMIT", 1]]
  Rendering articles/show.html.erb within layouts/application
  Rendered articles/show.html.erb within layouts/application (239.8ms)
Completed 500 Internal Server Error in 251ms (ActiveRecord: 0.2ms)


  
ActionView::Template::Error (undefined local variable or method `article' for #<#<Class:0x00007fee1e3a8428>:0x00007fee1946bec8>
Did you mean?  @article):
     9: </p>
    10: 
    11: <%= link_to 'Back', articles_path %>
    12: <%= link_to 'Edit', edit_article_path(article) %>
  
app/views/articles/show.html.erb:12:in `_app_views_articles_show_html_erb__2780264475346768066_70330301515100'
Started GET "/index" for 127.0.0.1 at 2018-02-21 15:45:55 -0600
  [1m[35m (0.4ms)[0m  [1m[34mSELECT "schema_migrations"."version" FROM "schema_migrations" ORDER BY "schema_migrations"."version" ASC[0m
  
ActionController::RoutingError (No route matches [GET] "/index"):
  
actionpack (5.1.5) lib/action_dispatch/middleware/debug_exceptions.rb:63:in `call'
web-console (3.5.1) lib/web_console/middleware.rb:135:in `call_app'
web-console (3.5.1) lib/web_console/middleware.rb:28:in `block in call'
web-console (3.5.1) lib/web_console/middleware.rb:18:in `catch'
web-console (3.5.1) lib/web_console/middleware.rb:18:in `call'
actionpack (5.1.5) lib/action_dispatch/middleware/show_exceptions.rb:31:in `call'
railties (5.1.5) lib/rails/rack/logger.rb:36:in `call_app'
railties (5.1.5) lib/rails/rack/logger.rb:24:in `block in call'
activesupport (5.1.5) lib/active_support/tagged_logging.rb:69:in `block in tagged'
activesupport (5.1.5) lib/active_support/tagged_logging.rb:26:in `tagged'
activesupport (5.1.5) lib/active_support/tagged_logging.rb:69:in `tagged'
railties (5.1.5) lib/rails/rack/logger.rb:24:in `call'
sprockets-rails (3.2.1) lib/sprockets/rails/quiet_assets.rb:13:in `call'
actionpack (5.1.5) lib/action_dispatch/middleware/remote_ip.rb:79:in `call'
actionpack (5.1.5) lib/action_dispatch/middleware/request_id.rb:25:in `call'
rack (2.0.4) lib/rack/method_override.rb:22:in `call'
rack (2.0.4) lib/rack/runtime.rb:22:in `call'
activesupport (5.1.5) lib/active_support/cache/strategy/local_cache_middleware.rb:27:in `call'
actionpack (5.1.5) lib/action_dispatch/middleware/executor.rb:12:in `call'
actionpack (5.1.5) lib/action_dispatch/middleware/static.rb:125:in `call'
rack (2.0.4) lib/rack/sendfile.rb:111:in `call'
railties (5.1.5) lib/rails/engine.rb:522:in `call'
puma (3.11.2) lib/puma/configuration.rb:225:in `call'
puma (3.11.2) lib/puma/server.rb:624:in `handle_request'
puma (3.11.2) lib/puma/server.rb:438:in `process_client'
puma (3.11.2) lib/puma/server.rb:302:in `block in run'
puma (3.11.2) lib/puma/thread_pool.rb:120:in `block in spawn_thread'
Started GET "/" for 127.0.0.1 at 2018-02-21 15:46:10 -0600
Processing by WelcomeController#index as HTML
  Rendering welcome/index.html.erb within layouts/application
  Rendered welcome/index.html.erb within layouts/application (0.8ms)
Completed 200 OK in 222ms (Views: 219.6ms | ActiveRecord: 0.0ms)


Started GET "/articles" for 127.0.0.1 at 2018-02-21 15:46:13 -0600
Processing by ArticlesController#index as HTML
  Rendering articles/index.html.erb within layouts/application
  [1m[36mArticle Load (0.5ms)[0m  [1m[34mSELECT "articles".* FROM "articles"[0m
  Rendered articles/index.html.erb within layouts/application (16.8ms)
Completed 200 OK in 48ms (Views: 36.9ms | ActiveRecord: 3.5ms)


Started GET "/articles/1/edit" for 127.0.0.1 at 2018-02-21 15:46:19 -0600
Processing by ArticlesController#edit as HTML
  Parameters: {"id"=>"1"}
  [1m[36mArticle Load (0.3ms)[0m  [1m[34mSELECT  "articles".* FROM "articles" WHERE "articles"."id" = ? LIMIT ?[0m  [["id", 1], ["LIMIT", 1]]
  Rendering articles/edit.html.erb within layouts/application
  Rendered articles/_form.html.erb (5.9ms)
  Rendered articles/edit.html.erb within layouts/application (9.3ms)
Completed 500 Internal Server Error in 24ms (ActiveRecord: 0.3ms)


  
ActionView::Template::Error (undefined method `errors' for nil:NilClass):
    1: <%= form_with model: @article, local: true do |form| %>
    2: 
    3:   <% if @article.errors.any? %>
    4:     <div id="error_explanation">
    5:       <h2>
    6:         <%= pluralize(@article.errors.count, "error") %> prohibited
  
app/views/articles/_form.html.erb:3:in `block in _app_views_articles__form_html_erb__3095950453965210007_70297096626200'
app/views/articles/_form.html.erb:1:in `_app_views_articles__form_html_erb__3095950453965210007_70297096626200'
app/views/articles/edit.html.erb:3:in `_app_views_articles_edit_html_erb___2830641041949763076_70297106177960'
Started GET "/articles" for 127.0.0.1 at 2018-02-21 15:46:22 -0600
Processing by ArticlesController#index as HTML
  Rendering articles/index.html.erb within layouts/application
  [1m[36mArticle Load (0.2ms)[0m  [1m[34mSELECT "articles".* FROM "articles"[0m
  Rendered articles/index.html.erb within layouts/application (1.9ms)
Completed 200 OK in 21ms (Views: 18.6ms | ActiveRecord: 0.2ms)


Started GET "/articles/new" for 127.0.0.1 at 2018-02-21 15:46:32 -0600
Processing by ArticlesController#new as HTML
  Rendering articles/new.html.erb within layouts/application
  Rendered articles/_form.html.erb (20.3ms)
  Rendered articles/new.html.erb within layouts/application (22.3ms)
Completed 200 OK in 47ms (Views: 43.5ms | ActiveRecord: 0.0ms)


Started GET "/articles" for 127.0.0.1 at 2018-02-21 15:46:35 -0600
Processing by ArticlesController#index as HTML
  Rendering articles/index.html.erb within layouts/application
  [1m[36mArticle Load (0.3ms)[0m  [1m[34mSELECT "articles".* FROM "articles"[0m
  Rendered articles/index.html.erb within layouts/application (2.4ms)
Completed 200 OK in 32ms (Views: 27.9ms | ActiveRecord: 0.3ms)


Started GET "/" for 127.0.0.1 at 2018-02-21 16:41:37 -0600
  [1m[35m (0.5ms)[0m  [1m[34mSELECT "schema_migrations"."version" FROM "schema_migrations" ORDER BY "schema_migrations"."version" ASC[0m
Processing by WelcomeController#index as HTML
  Rendering welcome/index.html.erb within layouts/application
  Rendered welcome/index.html.erb within layouts/application (1.6ms)
Completed 200 OK in 233ms (Views: 223.6ms | ActiveRecord: 0.0ms)


Started GET "/articles" for 127.0.0.1 at 2018-02-21 16:41:44 -0600
Processing by ArticlesController#index as HTML
  Rendering articles/index.html.erb within layouts/application
  [1m[36mArticle Load (0.5ms)[0m  [1m[34mSELECT "articles".* FROM "articles"[0m
  Rendered articles/index.html.erb within layouts/application (18.6ms)
Completed 200 OK in 48ms (Views: 37.8ms | ActiveRecord: 3.2ms)


Started DELETE "/articles/1" for 127.0.0.1 at 2018-02-21 16:41:48 -0600
Processing by ArticlesController#destroy as HTML
  Parameters: {"authenticity_token"=>"oV6TxmrJs3CfFmj060mrAad+zE2+r3dCaXqcgyq4pfJro0unZRWfZOrHIA88HGFl/snoVaBV0lkZa12cNoFzoA==", "id"=>"1"}
  [1m[36mArticle Load (0.3ms)[0m  [1m[34mSELECT  "articles".* FROM "articles" WHERE "articles"."id" = ? LIMIT ?[0m  [["id", 1], ["LIMIT", 1]]
  [1m[35m (0.2ms)[0m  [1m[36mbegin transaction[0m
  [1m[35mSQL (0.7ms)[0m  [1m[31mDELETE FROM "articles" WHERE "articles"."id" = ?[0m  [["id", 1]]
  [1m[35m (1.3ms)[0m  [1m[36mcommit transaction[0m
Redirected to http://0.0.0.0:3000/articles
Completed 302 Found in 11ms (ActiveRecord: 2.4ms)


Started GET "/articles" for 127.0.0.1 at 2018-02-21 16:41:48 -0600
Processing by ArticlesController#index as HTML
  Rendering articles/index.html.erb within layouts/application
  [1m[36mArticle Load (0.7ms)[0m  [1m[34mSELECT "articles".* FROM "articles"[0m
  Rendered articles/index.html.erb within layouts/application (2.5ms)
Completed 200 OK in 23ms (Views: 18.2ms | ActiveRecord: 0.7ms)


Started GET "/articles/2/edit" for 127.0.0.1 at 2018-02-21 16:41:52 -0600
Processing by ArticlesController#edit as HTML
  Parameters: {"id"=>"2"}
  [1m[36mArticle Load (0.1ms)[0m  [1m[34mSELECT  "articles".* FROM "articles" WHERE "articles"."id" = ? LIMIT ?[0m  [["id", 2], ["LIMIT", 1]]
  Rendering articles/edit.html.erb within layouts/application
  Rendered articles/_form.html.erb (7.5ms)
  Rendered articles/edit.html.erb within layouts/application (11.5ms)
Completed 500 Internal Server Error in 23ms (ActiveRecord: 0.1ms)


  
ActionView::Template::Error (undefined method `errors' for nil:NilClass):
    1: <%= form_with model: @article, local: true do |form| %>
    2: 
    3:   <% if @article.errors.any? %>
    4:     <div id="error_explanation">
    5:       <h2>
    6:         <%= pluralize(@article.errors.count, "error") %> prohibited
  
app/views/articles/_form.html.erb:3:in `block in _app_views_articles__form_html_erb__3485466451763016952_70355517026980'
app/views/articles/_form.html.erb:1:in `_app_views_articles__form_html_erb__3485466451763016952_70355517026980'
app/views/articles/edit.html.erb:3:in `_app_views_articles_edit_html_erb___4103130282313760774_70355474461000'
Started GET "/articles/2/edit" for 127.0.0.1 at 2018-02-21 16:42:24 -0600
Processing by ArticlesController#edit as HTML
  Parameters: {"id"=>"2"}
  [1m[36mArticle Load (0.2ms)[0m  [1m[34mSELECT  "articles".* FROM "articles" WHERE "articles"."id" = ? LIMIT ?[0m  [["id", 2], ["LIMIT", 1]]
  Rendering articles/edit.html.erb within layouts/application
  Rendered articles/_form.html.erb (2.6ms)
  Rendered articles/edit.html.erb within layouts/application (4.2ms)
Completed 500 Internal Server Error in 13ms (ActiveRecord: 0.2ms)


  
ActionView::Template::Error (undefined method `error' for nil:NilClass):
    1: <%= form_with model: @article, local: true do |form| %>
    2: 
    3:   <% if @article.error.any? %>
    4:     <div id="error_explanation">
    5:       <h2>
    6:         <%= pluralize(@article.errors.count, "error") %> prohibited
  
app/views/articles/_form.html.erb:3:in `block in _app_views_articles__form_html_erb__3485466451763016952_70355516945280'
app/views/articles/_form.html.erb:1:in `_app_views_articles__form_html_erb__3485466451763016952_70355516945280'
app/views/articles/edit.html.erb:3:in `_app_views_articles_edit_html_erb___4103130282313760774_70355483301600'
Started GET "/articles/2/edit" for 127.0.0.1 at 2018-02-21 16:43:23 -0600
Processing by ArticlesController#edit as HTML
  Parameters: {"id"=>"2"}
  [1m[36mArticle Load (0.2ms)[0m  [1m[34mSELECT  "articles".* FROM "articles" WHERE "articles"."id" = ? LIMIT ?[0m  [["id", 2], ["LIMIT", 1]]
  Rendering articles/edit.html.erb within layouts/application
  Rendered articles/_form.html.erb (0.6ms)
  Rendered articles/edit.html.erb within layouts/application (2.1ms)
Completed 500 Internal Server Error in 9ms (ActiveRecord: 0.2ms)


  
SyntaxError (/Users/giovannicenteno/Documents/com331/com331_community/community/app/views/articles/_form.html.erb:3: syntax error, unexpected ')', expecting keyword_then or ';' or '\n'
nd=( if @article.errors.any? );@output_buffer.safe_append=' 
                              ^
/Users/giovannicenteno/Documents/com331/com331_community/community/app/views/articles/_form.html.erb:14: syntax error, unexpected keyword_end, expecting ')'
'.freeze;   end 
               ^
/Users/giovannicenteno/Documents/com331/com331_community/community/app/views/articles/_form.html.erb:30: syntax error, unexpected keyword_end, expecting ')'
'.freeze; end 
             ^
/Users/giovannicenteno/Documents/com331/com331_community/community/app/views/articles/_form.html.erb:32: syntax error, unexpected keyword_ensure, expecting ')'
          ensure
                ^
/Users/giovannicenteno/Documents/com331/com331_community/community/app/views/articles/_form.html.erb:34: syntax error, unexpected keyword_end, expecting ')'
          end
             ^):
  
app/views/articles/_form.html.erb:3: syntax error, unexpected ')', expecting keyword_then or ';' or '\n'
app/views/articles/_form.html.erb:14: syntax error, unexpected keyword_end, expecting ')'
app/views/articles/_form.html.erb:30: syntax error, unexpected keyword_end, expecting ')'
app/views/articles/_form.html.erb:32: syntax error, unexpected keyword_ensure, expecting ')'
app/views/articles/_form.html.erb:34: syntax error, unexpected keyword_end, expecting ')'
app/views/articles/edit.html.erb:3:in `_app_views_articles_edit_html_erb___4103130282313760774_70355474685980'
Started GET "/articles/2/edit" for 127.0.0.1 at 2018-02-21 16:43:38 -0600
Processing by ArticlesController#edit as HTML
  Parameters: {"id"=>"2"}
  [1m[36mArticle Load (0.2ms)[0m  [1m[34mSELECT  "articles".* FROM "articles" WHERE "articles"."id" = ? LIMIT ?[0m  [["id", 2], ["LIMIT", 1]]
  Rendering articles/edit.html.erb within layouts/application
  Rendered articles/_form.html.erb (1.2ms)
  Rendered articles/edit.html.erb within layouts/application (4.3ms)
Completed 500 Internal Server Error in 14ms (ActiveRecord: 0.2ms)


  
SyntaxError (/Users/giovannicenteno/Documents/com331/com331_community/community/app/views/articles/_form.html.erb:3: syntax error, unexpected ')', expecting keyword_then or ';' or '\n'
nd=( if @article.errors.any? );@output_buffer.safe_append=' 
                              ^
/Users/giovannicenteno/Documents/com331/com331_community/community/app/views/articles/_form.html.erb:14: syntax error, unexpected keyword_end, expecting ')'
'.freeze;   end 
               ^
/Users/giovannicenteno/Documents/com331/com331_community/community/app/views/articles/_form.html.erb:30: syntax error, unexpected keyword_end, expecting ')'
'.freeze; end 
             ^
/Users/giovannicenteno/Documents/com331/com331_community/community/app/views/articles/_form.html.erb:32: syntax error, unexpected keyword_ensure, expecting ')'
          ensure
                ^
/Users/giovannicenteno/Documents/com331/com331_community/community/app/views/articles/_form.html.erb:34: syntax error, unexpected keyword_end, expecting ')'
          end
             ^):
  
app/views/articles/_form.html.erb:3: syntax error, unexpected ')', expecting keyword_then or ';' or '\n'
app/views/articles/_form.html.erb:14: syntax error, unexpected keyword_end, expecting ')'
app/views/articles/_form.html.erb:30: syntax error, unexpected keyword_end, expecting ')'
app/views/articles/_form.html.erb:32: syntax error, unexpected keyword_ensure, expecting ')'
app/views/articles/_form.html.erb:34: syntax error, unexpected keyword_end, expecting ')'
app/views/articles/edit.html.erb:3:in `_app_views_articles_edit_html_erb___4103130282313760774_70355474638140'
Started GET "/articles/2/edit" for 127.0.0.1 at 2018-02-21 16:43:59 -0600
Processing by ArticlesController#edit as HTML
  Parameters: {"id"=>"2"}
  [1m[36mArticle Load (0.1ms)[0m  [1m[34mSELECT  "articles".* FROM "articles" WHERE "articles"."id" = ? LIMIT ?[0m  [["id", 2], ["LIMIT", 1]]
  Rendering articles/edit.html.erb within layouts/application
  Rendered articles/_form.html.erb (0.7ms)
  Rendered articles/edit.html.erb within layouts/application (2.8ms)
Completed 500 Internal Server Error in 11ms (ActiveRecord: 0.1ms)


  
SyntaxError (/Users/giovannicenteno/Documents/com331/com331_community/community/app/views/articles/_form.html.erb:3: syntax error, unexpected ')', expecting keyword_then or ';' or '\n'
nd=( if @article.errors.any? );@output_buffer.safe_append='
                              ^
/Users/giovannicenteno/Documents/com331/com331_community/community/app/views/articles/_form.html.erb:15: syntax error, unexpected keyword_end, expecting ')'
'.freeze;   end 
               ^
/Users/giovannicenteno/Documents/com331/com331_community/community/app/views/articles/_form.html.erb:31: syntax error, unexpected keyword_end, expecting ')'
'.freeze; end 
             ^
/Users/giovannicenteno/Documents/com331/com331_community/community/app/views/articles/_form.html.erb:33: syntax error, unexpected keyword_ensure, expecting ')'
          ensure
                ^
/Users/giovannicenteno/Documents/com331/com331_community/community/app/views/articles/_form.html.erb:35: syntax error, unexpected keyword_end, expecting ')'
          end
             ^):
  
app/views/articles/_form.html.erb:3: syntax error, unexpected ')', expecting keyword_then or ';' or '\n'
app/views/articles/_form.html.erb:15: syntax error, unexpected keyword_end, expecting ')'
app/views/articles/_form.html.erb:31: syntax error, unexpected keyword_end, expecting ')'
app/views/articles/_form.html.erb:33: syntax error, unexpected keyword_ensure, expecting ')'
app/views/articles/_form.html.erb:35: syntax error, unexpected keyword_end, expecting ')'
app/views/articles/edit.html.erb:3:in `_app_views_articles_edit_html_erb___4103130282313760774_70355474562260'
Started GET "/" for 127.0.0.1 at 2018-02-21 16:44:04 -0600
Processing by WelcomeController#index as HTML
  Rendering welcome/index.html.erb within layouts/application
  Rendered welcome/index.html.erb within layouts/application (0.8ms)
Completed 200 OK in 26ms (Views: 23.3ms | ActiveRecord: 0.0ms)


Started GET "/articles" for 127.0.0.1 at 2018-02-21 16:44:06 -0600
Processing by ArticlesController#index as HTML
  Rendering articles/index.html.erb within layouts/application
  [1m[36mArticle Load (1.0ms)[0m  [1m[34mSELECT "articles".* FROM "articles"[0m
  Rendered articles/index.html.erb within layouts/application (2.9ms)
Completed 200 OK in 33ms (Views: 30.1ms | ActiveRecord: 1.0ms)


Started GET "/articles/2/edit" for 127.0.0.1 at 2018-02-21 16:44:08 -0600
Processing by ArticlesController#edit as HTML
  Parameters: {"id"=>"2"}
  [1m[36mArticle Load (0.1ms)[0m  [1m[34mSELECT  "articles".* FROM "articles" WHERE "articles"."id" = ? LIMIT ?[0m  [["id", 2], ["LIMIT", 1]]
  Rendering articles/edit.html.erb within layouts/application
  Rendered articles/_form.html.erb (0.9ms)
  Rendered articles/edit.html.erb within layouts/application (2.8ms)
Completed 500 Internal Server Error in 11ms (ActiveRecord: 0.1ms)


  
SyntaxError (/Users/giovannicenteno/Documents/com331/com331_community/community/app/views/articles/_form.html.erb:3: syntax error, unexpected ')', expecting keyword_then or ';' or '\n'
nd=( if @article.errors.any? );@output_buffer.safe_append='
                              ^
/Users/giovannicenteno/Documents/com331/com331_community/community/app/views/articles/_form.html.erb:15: syntax error, unexpected keyword_end, expecting ')'
'.freeze;   end 
               ^
/Users/giovannicenteno/Documents/com331/com331_community/community/app/views/articles/_form.html.erb:31: syntax error, unexpected keyword_end, expecting ')'
'.freeze; end 
             ^
/Users/giovannicenteno/Documents/com331/com331_community/community/app/views/articles/_form.html.erb:33: syntax error, unexpected keyword_ensure, expecting ')'
          ensure
                ^
/Users/giovannicenteno/Documents/com331/com331_community/community/app/views/articles/_form.html.erb:35: syntax error, unexpected keyword_end, expecting ')'
          end
             ^):
  
app/views/articles/_form.html.erb:3: syntax error, unexpected ')', expecting keyword_then or ';' or '\n'
app/views/articles/_form.html.erb:15: syntax error, unexpected keyword_end, expecting ')'
app/views/articles/_form.html.erb:31: syntax error, unexpected keyword_end, expecting ')'
app/views/articles/_form.html.erb:33: syntax error, unexpected keyword_ensure, expecting ')'
app/views/articles/_form.html.erb:35: syntax error, unexpected keyword_end, expecting ')'
app/views/articles/edit.html.erb:3:in `_app_views_articles_edit_html_erb___4103130282313760774_70355509634980'
Started GET "/articles" for 127.0.0.1 at 2018-02-21 16:45:50 -0600
Processing by ArticlesController#index as HTML
  Rendering articles/index.html.erb within layouts/application
  [1m[36mArticle Load (0.3ms)[0m  [1m[34mSELECT "articles".* FROM "articles"[0m
  Rendered articles/index.html.erb within layouts/application (2.7ms)
Completed 200 OK in 22ms (Views: 19.7ms | ActiveRecord: 0.3ms)


Started GET "/articles/2/edit" for 127.0.0.1 at 2018-02-21 16:46:02 -0600
Processing by ArticlesController#edit as HTML
  Parameters: {"id"=>"2"}
  [1m[36mArticle Load (0.2ms)[0m  [1m[34mSELECT  "articles".* FROM "articles" WHERE "articles"."id" = ? LIMIT ?[0m  [["id", 2], ["LIMIT", 1]]
  Rendering articles/edit.html.erb within layouts/application
  Rendered articles/_form.html.erb (1.0ms)
  Rendered articles/edit.html.erb within layouts/application (3.1ms)
Completed 500 Internal Server Error in 14ms (ActiveRecord: 0.2ms)


  
SyntaxError (/Users/giovannicenteno/Documents/com331/com331_community/community/app/views/articles/_form.html.erb:3: syntax error, unexpected ')', expecting keyword_then or ';' or '\n'
nd=( if @article.errors.any? );@output_buffer.safe_append='
                              ^
/Users/giovannicenteno/Documents/com331/com331_community/community/app/views/articles/_form.html.erb:15: syntax error, unexpected keyword_end, expecting ')'
'.freeze;   end 
               ^
/Users/giovannicenteno/Documents/com331/com331_community/community/app/views/articles/_form.html.erb:31: syntax error, unexpected keyword_end, expecting ')'
'.freeze; end 
             ^
/Users/giovannicenteno/Documents/com331/com331_community/community/app/views/articles/_form.html.erb:33: syntax error, unexpected keyword_ensure, expecting ')'
          ensure
                ^
/Users/giovannicenteno/Documents/com331/com331_community/community/app/views/articles/_form.html.erb:35: syntax error, unexpected keyword_end, expecting ')'
          end
             ^):
  
app/views/articles/_form.html.erb:3: syntax error, unexpected ')', expecting keyword_then or ';' or '\n'
app/views/articles/_form.html.erb:15: syntax error, unexpected keyword_end, expecting ')'
app/views/articles/_form.html.erb:31: syntax error, unexpected keyword_end, expecting ')'
app/views/articles/_form.html.erb:33: syntax error, unexpected keyword_ensure, expecting ')'
app/views/articles/_form.html.erb:35: syntax error, unexpected keyword_end, expecting ')'
app/views/articles/edit.html.erb:3:in `_app_views_articles_edit_html_erb___4103130282313760774_70355516215340'
Started GET "/articles" for 127.0.0.1 at 2018-02-21 16:46:16 -0600
Processing by ArticlesController#index as HTML
  Rendering articles/index.html.erb within layouts/application
  [1m[36mArticle Load (0.2ms)[0m  [1m[34mSELECT "articles".* FROM "articles"[0m
  Rendered articles/index.html.erb within layouts/application (1.8ms)
Completed 200 OK in 22ms (Views: 20.0ms | ActiveRecord: 0.2ms)


Started GET "/articles/2/edit" for 127.0.0.1 at 2018-02-21 16:48:23 -0600
Processing by ArticlesController#edit as HTML
  Parameters: {"id"=>"2"}
  [1m[36mArticle Load (0.2ms)[0m  [1m[34mSELECT  "articles".* FROM "articles" WHERE "articles"."id" = ? LIMIT ?[0m  [["id", 2], ["LIMIT", 1]]
  Rendering articles/edit.html.erb within layouts/application
  Rendered articles/edit.html.erb within layouts/application (4.0ms)
Completed 500 Internal Server Error in 14ms (ActiveRecord: 0.2ms)


  
ActionView::Template::Error (undefined method `errors' for nil:NilClass):
    1: <h1>Edit Survey Post</h1>
    2: <%= form_with(model: @article) do |form| %>
    3: 
    4:   <% if @article.errors.any? %>
    5:     <div id="error_explanation">
    6:       <h2>
    7:         <%= pluralize(@article.errors.count, "error") %> prohibited
  
app/views/articles/edit.html.erb:4:in `block in _app_views_articles_edit_html_erb___4103130282313760774_70355482293460'
app/views/articles/edit.html.erb:2:in `_app_views_articles_edit_html_erb___4103130282313760774_70355482293460'
